<?xml version="1.0" encoding="UTF-8"?>
<!-- Generated by org.testng.reporters.JUnitReportReporter -->
<testsuite hostname="c668993d1966592" failures="0" tests="3" name="nse.tests.NSESearchTest" time="33.587" errors="0" timestamp="2025-06-28T13:08:27 IST" skipped="0">
  <testcase classname="nse.tests.NSESearchTest" name="testSearchAndProfitLoss" time="11.261"/>
  <testcase classname="nse.tests.NSESearchTest" name="testSearchAndProfitLoss" time="10.902"/>
  <testcase classname="nse.tests.NSESearchTest" name="testSearchAndProfitLoss" time="11.424"/>
</testsuite> <!-- nse.tests.NSESearchTest -->
